<?xml version="1.0" encoding="UTF-8"?>
<!-- Generated by org.testng.reporters.JUnitReportReporter -->
<testsuite hostname="LincolnPC" failures="0" tests="2" name="com.qa.playwright.PlaywrightOnChromeTest" time="54.137" errors="1" timestamp="2025-03-26T23:40:03 IST" skipped="1">
  <testcase classname="com.qa.playwright.PlaywrightOnChromeTest" name="Playwright_Chrome" time="54.137">
    <error message="Error {
  message=&#039;Timeout 30000ms exceeded.
  name=&#039;TimeoutError
  stack=&#039;TimeoutError: Timeout 30000ms exceeded.
    at ProgressController.run (C:\Users\Dell\AppData\Local\Temp\playwright-java-291336849409781736\package\lib\server\progress.js:75:26)
    at Frame.goto (C:\Users\Dell\AppData\Local\Temp\playwright-java-291336849409781736\package\lib\server\frames.js:520:23)
    at FrameDispatcher.goto (C:\Users\Dell\AppData\Local\Temp\playwright-java-291336849409781736\package\lib\server\dispatchers\frameDispatcher.js:83:119)
    at FrameDispatcher._handleCommand (C:\Users\Dell\AppData\Local\Temp\playwright-java-291336849409781736\package\lib\server\dispatchers\dispatcher.js:94:40)
    at DispatcherConnection.dispatch (C:\Users\Dell\AppData\Local\Temp\playwright-java-291336849409781736\package\lib\server\dispatchers\dispatcher.js:361:39)
}
Call log:
-   - navigating to &quot;https://ecommerce-playground.lambdatest.io/&quot;, waiting until &quot;load&quot;
" type="com.microsoft.playwright.TimeoutError">
      <![CDATA[com.microsoft.playwright.TimeoutError: Error {
  message='Timeout 30000ms exceeded.
  name='TimeoutError
  stack='TimeoutError: Timeout 30000ms exceeded.
    at ProgressController.run (C:\Users\Dell\AppData\Local\Temp\playwright-java-291336849409781736\package\lib\server\progress.js:75:26)
    at Frame.goto (C:\Users\Dell\AppData\Local\Temp\playwright-java-291336849409781736\package\lib\server\frames.js:520:23)
    at FrameDispatcher.goto (C:\Users\Dell\AppData\Local\Temp\playwright-java-291336849409781736\package\lib\server\dispatchers\frameDispatcher.js:83:119)
    at FrameDispatcher._handleCommand (C:\Users\Dell\AppData\Local\Temp\playwright-java-291336849409781736\package\lib\server\dispatchers\dispatcher.js:94:40)
    at DispatcherConnection.dispatch (C:\Users\Dell\AppData\Local\Temp\playwright-java-291336849409781736\package\lib\server\dispatchers\dispatcher.js:361:39)
}
Call log:
-   - navigating to "https://ecommerce-playground.lambdatest.io/", waiting until "load"

at com.microsoft.playwright.impl.WaitableResult.get(WaitableResult.java:52)
at com.microsoft.playwright.impl.ChannelOwner.runUntil(ChannelOwner.java:132)
at com.microsoft.playwright.impl.Connection.sendMessage(Connection.java:130)
at com.microsoft.playwright.impl.ChannelOwner.sendMessage(ChannelOwner.java:118)
at com.microsoft.playwright.impl.FrameImpl.navigateImpl(FrameImpl.java:463)
at com.microsoft.playwright.impl.PageImpl.lambda$navigate$47(PageImpl.java:943)
at com.microsoft.playwright.impl.LoggingSupport.withLogging(LoggingSupport.java:47)
at com.microsoft.playwright.impl.ChannelOwner.withLogging(ChannelOwner.java:97)
at com.microsoft.playwright.impl.PageImpl.navigate(PageImpl.java:943)
at com.microsoft.playwright.impl.PageImpl.navigate(PageImpl.java:42)
at com.microsoft.playwright.Page.navigate(Page.java:5474)
at com.qa.playwright.PlaywrightOnChromeTest.Playwright_Chrome(PlaywrightOnChromeTest.java:33)
at java.base/jdk.internal.reflect.DirectMethodHandleAccessor.invoke(DirectMethodHandleAccessor.java:103)
at java.base/java.lang.reflect.Method.invoke(Method.java:580)
at org.testng.internal.invokers.MethodInvocationHelper.invokeMethod(MethodInvocationHelper.java:141)
at org.testng.internal.invokers.TestInvoker.invokeMethod(TestInvoker.java:687)
at org.testng.internal.invokers.TestInvoker.invokeTestMethod(TestInvoker.java:230)
at org.testng.internal.invokers.MethodRunner.runInSequence(MethodRunner.java:63)
at org.testng.internal.invokers.TestInvoker$MethodInvocationAgent.invoke(TestInvoker.java:995)
at org.testng.internal.invokers.TestInvoker.invokeTestMethods(TestInvoker.java:203)
at org.testng.internal.invokers.TestMethodWorker.invokeTestMethods(TestMethodWorker.java:154)
at org.testng.internal.invokers.TestMethodWorker.run(TestMethodWorker.java:134)
at java.base/java.util.ArrayList.forEach(ArrayList.java:1596)
at org.testng.TestRunner.privateRun(TestRunner.java:741)
at org.testng.TestRunner.run(TestRunner.java:616)
at org.testng.SuiteRunner.runTest(SuiteRunner.java:421)
at org.testng.SuiteRunner.runSequentially(SuiteRunner.java:413)
at org.testng.SuiteRunner.privateRun(SuiteRunner.java:373)
at org.testng.SuiteRunner.run(SuiteRunner.java:312)
at org.testng.SuiteRunnerWorker.runSuite(SuiteRunnerWorker.java:52)
at org.testng.SuiteRunnerWorker.run(SuiteRunnerWorker.java:95)
at org.testng.TestNG.runSuitesSequentially(TestNG.java:1274)
at org.testng.TestNG.runSuitesLocally(TestNG.java:1208)
at org.testng.TestNG.runSuites(TestNG.java:1112)
at org.testng.TestNG.run(TestNG.java:1079)
at org.testng.remote.AbstractRemoteTestNG.run(AbstractRemoteTestNG.java:115)
at org.testng.remote.RemoteTestNG.initAndRun(RemoteTestNG.java:293)
at org.testng.remote.RemoteTestNG.main(RemoteTestNG.java:91)
Caused by: com.microsoft.playwright.TimeoutError: Error {
  message='Timeout 30000ms exceeded.
  name='TimeoutError
  stack='TimeoutError: Timeout 30000ms exceeded.
    at ProgressController.run (C:\Users\Dell\AppData\Local\Temp\playwright-java-291336849409781736\package\lib\server\progress.js:75:26)
    at Frame.goto (C:\Users\Dell\AppData\Local\Temp\playwright-java-291336849409781736\package\lib\server\frames.js:520:23)
    at FrameDispatcher.goto (C:\Users\Dell\AppData\Local\Temp\playwright-java-291336849409781736\package\lib\server\dispatchers\frameDispatcher.js:83:119)
    at FrameDispatcher._handleCommand (C:\Users\Dell\AppData\Local\Temp\playwright-java-291336849409781736\package\lib\server\dispatchers\dispatcher.js:94:40)
    at DispatcherConnection.dispatch (C:\Users\Dell\AppData\Local\Temp\playwright-java-291336849409781736\package\lib\server\dispatchers\dispatcher.js:361:39)
}
Call log:
-   - navigating to "https://ecommerce-playground.lambdatest.io/", waiting until "load"

at com.microsoft.playwright.impl.Connection.dispatch(Connection.java:254)
at com.microsoft.playwright.impl.Connection.processOneMessage(Connection.java:211)
at com.microsoft.playwright.impl.ChannelOwner.runUntil(ChannelOwner.java:130)
... 36 more
]]>
    </error>
  </testcase> <!-- Playwright_Chrome -->
  <testcase classname="com.qa.playwright.PlaywrightOnChromeTest" name="Playwright_Chrome_Headless">
    <skipped/>
  </testcase> <!-- Playwright_Chrome_Headless -->
</testsuite> <!-- com.qa.playwright.PlaywrightOnChromeTest -->
