<?xml version="1.0" encoding="UTF-8"?>
<!-- Generated by org.testng.reporters.JUnitReportReporter -->
<testsuite hostname="LincolnPC" failures="0" tests="2" name="com.qa.playwright.PlaywrightOnChromeTest" time="21.945" errors="0" timestamp="2025-04-21T21:52:33 IST" skipped="1">
  <testcase classname="com.qa.playwright.PlaywrightOnChromeTest" name="Playwright_Chrome" time="21.945"/>
  <testcase classname="com.qa.playwright.PlaywrightOnChromeTest" name="Playwright_Chrome_Headless">
    <skipped/>
  </testcase> <!-- Playwright_Chrome_Headless -->
</testsuite> <!-- com.qa.playwright.PlaywrightOnChromeTest -->
